0 info it worked if it ends with ok
1 verbose cli [ '/usr/local/Cellar/node/6.2.2/bin/node',
1 verbose cli   '/usr/local/bin/npm',
1 verbose cli   'run',
1 verbose cli   'mon' ]
2 info using npm@3.9.5
3 info using node@v6.2.2
4 verbose run-script [ 'premon', 'mon', 'postmon' ]
5 info lifecycle todoproject@1.0.0~premon: todoproject@1.0.0
6 silly lifecycle todoproject@1.0.0~premon: no script for premon, continuing
7 info lifecycle todoproject@1.0.0~mon: todoproject@1.0.0
8 verbose lifecycle todoproject@1.0.0~mon: unsafe-perm in lifecycle true
9 verbose lifecycle todoproject@1.0.0~mon: PATH: /usr/local/lib/node_modules/npm/bin/node-gyp-bin:/Users/phillipjones/workspace/todoproject/node_modules/.bin:/usr/local/Cellar/node/6.2.2/bin:/Users/phillipjones/.gem/ruby/2.3.1/bin:/Users/phillipjones/.rubies/ruby-2.3.1/lib/ruby/gems/2.3.0/bin:/Users/phillipjones/.rubies/ruby-2.3.1/bin:/usr/local/bin:/usr/local/sbin:/usr/bin:/bin:/usr/sbin:/sbin
10 verbose lifecycle todoproject@1.0.0~mon: CWD: /Users/phillipjones/workspace/todoproject
11 silly lifecycle todoproject@1.0.0~mon: Args: [ '-c',
11 silly lifecycle   'nodemon -e js,css,html --watch public --watch index.js index.js & gulp watch' ]
12 silly lifecycle todoproject@1.0.0~mon: Returned: code: 1  signal: null
13 info lifecycle todoproject@1.0.0~mon: Failed to exec mon script
14 verbose stack Error: todoproject@1.0.0 mon: `nodemon -e js,css,html --watch public --watch index.js index.js & gulp watch`
14 verbose stack Exit status 1
14 verbose stack     at EventEmitter.<anonymous> (/usr/local/lib/node_modules/npm/lib/utils/lifecycle.js:245:16)
14 verbose stack     at emitTwo (events.js:106:13)
14 verbose stack     at EventEmitter.emit (events.js:191:7)
14 verbose stack     at ChildProcess.<anonymous> (/usr/local/lib/node_modules/npm/lib/utils/spawn.js:24:14)
14 verbose stack     at emitTwo (events.js:106:13)
14 verbose stack     at ChildProcess.emit (events.js:191:7)
14 verbose stack     at maybeClose (internal/child_process.js:852:16)
14 verbose stack     at Process.ChildProcess._handle.onexit (internal/child_process.js:215:5)
15 verbose pkgid todoproject@1.0.0
16 verbose cwd /Users/phillipjones/workspace/todoproject
17 error Darwin 14.5.0
18 error argv "/usr/local/Cellar/node/6.2.2/bin/node" "/usr/local/bin/npm" "run" "mon"
19 error node v6.2.2
20 error npm  v3.9.5
21 error code ELIFECYCLE
22 error todoproject@1.0.0 mon: `nodemon -e js,css,html --watch public --watch index.js index.js & gulp watch`
22 error Exit status 1
23 error Failed at the todoproject@1.0.0 mon script 'nodemon -e js,css,html --watch public --watch index.js index.js & gulp watch'.
23 error Make sure you have the latest version of node.js and npm installed.
23 error If you do, this is most likely a problem with the todoproject package,
23 error not with npm itself.
23 error Tell the author that this fails on your system:
23 error     nodemon -e js,css,html --watch public --watch index.js index.js & gulp watch
23 error You can get information on how to open an issue for this project with:
23 error     npm bugs todoproject
23 error Or if that isn't available, you can get their info via:
23 error     npm owner ls todoproject
23 error There is likely additional logging output above.
24 verbose exit [ 1, true ]
