0 info it worked if it ends with ok
1 verbose cli [ '/usr/bin/node',
1 verbose cli   '/usr/sbin/npm',
1 verbose cli   'run',
1 verbose cli   'style-guide-sass-compile' ]
2 info using npm@3.10.5
3 info using node@v6.3.1
4 verbose run-script [ 'prestyle-guide-sass-compile',
4 verbose run-script   'style-guide-sass-compile',
4 verbose run-script   'poststyle-guide-sass-compile' ]
5 info lifecycle todoproject@1.0.0~prestyle-guide-sass-compile: todoproject@1.0.0
6 silly lifecycle todoproject@1.0.0~prestyle-guide-sass-compile: no script for prestyle-guide-sass-compile, continuing
7 info lifecycle todoproject@1.0.0~style-guide-sass-compile: todoproject@1.0.0
8 verbose lifecycle todoproject@1.0.0~style-guide-sass-compile: unsafe-perm in lifecycle true
9 verbose lifecycle todoproject@1.0.0~style-guide-sass-compile: PATH: /usr/lib/node_modules/npm/bin/node-gyp-bin:/home/shane/code/todo/node_modules/.bin:/usr/bin:/usr/local/sbin:/usr/local/bin:/usr/sbin:/usr/bin:/home/shane/.config/composer/vendor/bin/
10 verbose lifecycle todoproject@1.0.0~style-guide-sass-compile: CWD: /home/shane/code/todo
11 silly lifecycle todoproject@1.0.0~style-guide-sass-compile: Args: [ '-c',
11 silly lifecycle   'sass --watch ./style-guide/scss/style.scss ./style-guide/style.css' ]
12 silly lifecycle todoproject@1.0.0~style-guide-sass-compile: Returned: code: 1  signal: null
13 info lifecycle todoproject@1.0.0~style-guide-sass-compile: Failed to exec style-guide-sass-compile script
14 verbose stack Error: todoproject@1.0.0 style-guide-sass-compile: `sass --watch ./style-guide/scss/style.scss ./style-guide/style.css`
14 verbose stack Exit status 1
14 verbose stack     at EventEmitter.<anonymous> (/usr/lib/node_modules/npm/lib/utils/lifecycle.js:242:16)
14 verbose stack     at emitTwo (events.js:106:13)
14 verbose stack     at EventEmitter.emit (events.js:191:7)
14 verbose stack     at ChildProcess.<anonymous> (/usr/lib/node_modules/npm/lib/utils/spawn.js:40:14)
14 verbose stack     at emitTwo (events.js:106:13)
14 verbose stack     at ChildProcess.emit (events.js:191:7)
14 verbose stack     at maybeClose (internal/child_process.js:852:16)
14 verbose stack     at Process.ChildProcess._handle.onexit (internal/child_process.js:215:5)
15 verbose pkgid todoproject@1.0.0
16 verbose cwd /home/shane/code/todo/style-guide
17 error Linux 4.6.4-1-ARCH
18 error argv "/usr/bin/node" "/usr/sbin/npm" "run" "style-guide-sass-compile"
19 error node v6.3.1
20 error npm  v3.10.5
21 error code ELIFECYCLE
22 error todoproject@1.0.0 style-guide-sass-compile: `sass --watch ./style-guide/scss/style.scss ./style-guide/style.css`
22 error Exit status 1
23 error Failed at the todoproject@1.0.0 style-guide-sass-compile script 'sass --watch ./style-guide/scss/style.scss ./style-guide/style.css'.
23 error Make sure you have the latest version of node.js and npm installed.
23 error If you do, this is most likely a problem with the todoproject package,
23 error not with npm itself.
23 error Tell the author that this fails on your system:
23 error     sass --watch ./style-guide/scss/style.scss ./style-guide/style.css
23 error You can get information on how to open an issue for this project with:
23 error     npm bugs todoproject
23 error Or if that isn't available, you can get their info via:
23 error     npm owner ls todoproject
23 error There is likely additional logging output above.
24 verbose exit [ 1, true ]
